/*C5*/SET SCHEMA PUBLIC
DISCONNECT
/*C6*/SET SCHEMA PUBLIC
DISCONNECT
/*C9*/SET SCHEMA PUBLIC
DISCONNECT
/*C7*/SET SCHEMA PUBLIC
DISCONNECT
/*C4*/SET SCHEMA PUBLIC
DISCONNECT
/*C8*/SET SCHEMA PUBLIC
DISCONNECT
/*C11*/SET SCHEMA PUBLIC
INSERT INTO PRODUTO VALUES(48,'Mesa azul','Mesa com 4 p\u00e9s')
COMMIT
SET SCHEMA PUBLIC
DISCONNECT
/*C12*/SET SCHEMA PUBLIC
INSERT INTO PRODUTO VALUES(49,'Mesa vermelha','Mesa com 4 p\u00e9s')
COMMIT
SET SCHEMA PUBLIC
DISCONNECT
/*C10*/SET SCHEMA PUBLIC
create table Categoria (id integer generated by default as identity primary key, nome varchar(255))\u000d\u000a
alter table Produto add column categoria_id integer\u000d\u000a\u000d\u000a
INSERT INTO CATEGORIA VALUES(0,'Eletrodom\u00e9stico')
COMMIT
INSERT INTO CATEGORIA VALUES(1,'Eletr\u00f4nico')
COMMIT
INSERT INTO CATEGORIA VALUES(2,'M\u00f3vel')
COMMIT
DELETE FROM PRODUTO WHERE ID=1
DELETE FROM PRODUTO WHERE ID=2
INSERT INTO PRODUTO VALUES(1,'geladeira ','Geladeira duas portas',0)
INSERT INTO PRODUTO VALUES(2,'ferro de passar ','Ferro de passar com vaporizador',0)
COMMIT
DELETE FROM PRODUTO WHERE ID=47
DELETE FROM PRODUTO WHERE ID=48
DELETE FROM PRODUTO WHERE ID=49
INSERT INTO PRODUTO VALUES(47,'Mesa azul','Mesa com 4 p\u00e9s',3)
INSERT INTO PRODUTO VALUES(48,'Mesa azul','Mesa com 4 p\u00e9s',3)
INSERT INTO PRODUTO VALUES(49,'Mesa vermelha','Mesa com 4 p\u00e9s',3)
COMMIT
DELETE FROM PRODUTO WHERE ID=47
DELETE FROM PRODUTO WHERE ID=48
DELETE FROM PRODUTO WHERE ID=49
INSERT INTO PRODUTO VALUES(47,'Mesa azul','Mesa com 4 p\u00e9s',2)
INSERT INTO PRODUTO VALUES(48,'Mesa azul','Mesa com 4 p\u00e9s',2)
INSERT INTO PRODUTO VALUES(49,'Mesa vermelha','Mesa com 4 p\u00e9s',2)
COMMIT
/*C13*/SET SCHEMA PUBLIC
DISCONNECT
/*C14*/SET SCHEMA PUBLIC
DISCONNECT
/*C15*/SET SCHEMA PUBLIC
DISCONNECT
/*C16*/SET SCHEMA PUBLIC
DISCONNECT
/*C17*/SET SCHEMA PUBLIC
DISCONNECT
/*C18*/SET SCHEMA PUBLIC
DISCONNECT
/*C19*/SET SCHEMA PUBLIC
DISCONNECT
/*C20*/SET SCHEMA PUBLIC
DISCONNECT
/*C21*/SET SCHEMA PUBLIC
DISCONNECT
/*C22*/SET SCHEMA PUBLIC
DISCONNECT
/*C23*/SET SCHEMA PUBLIC
DISCONNECT
